<?xml version="1.0" encoding="UTF-8"?>
<!-- Generated by org.testng.reporters.JUnitXMLReporter -->
<testsuite hostname="DESKTOP-N6UCNFO" ignored="0" name="Default test" tests="2" failures="0" timestamp="2022-03-10T19:17:48 IST" time="36.92" errors="0">
  <testcase name="InintialVerification" time="7.89" classname="com.aspire.selenium.FrameWork.PomPageFactoryDataDrivenTestNGBaseUtility1.TestClass"/>
  <testcase name="LogoVerification" time="0.809" classname="com.aspire.selenium.FrameWork.PomPageFactoryDataDrivenTestNGBaseUtility1.TestClass"/>
</testsuite> <!-- Default test -->
