<?xml version="1.0" encoding="UTF-8"?>
<!-- Generated by org.testng.reporters.JUnitXMLReporter -->
<testsuite hostname="DESKTOP-N6UCNFO" ignored="0" name="Testng" tests="3" failures="0" timestamp="2022-03-03T18:38:18 IST" time="210.763" errors="0">
  <testcase name="EdgeBrowser" time="87.233" classname="com.aspire.selenium.CompatiblityTest.Browser1"/>
  <testcase name="ChromeBrowser" time="25.036" classname="com.aspire.selenium.CompatiblityTest.Browser2"/>
  <testcase name="FireFoxDriver" time="98.362" classname="com.aspire.selenium.CompatiblityTest.Browser3"/>
</testsuite> <!-- Testng -->
