<?xml version="1.0" encoding="UTF-8"?>
<!-- Generated by org.testng.reporters.JUnitXMLReporter -->
<testsuite hostname="DESKTOP-N6UCNFO" ignored="0" name="Testng" tests="3" failures="0" timestamp="2022-02-28T12:45:24 IST" time="40.361" errors="0">
  <testcase name="FireFoxDriver" time="19.683" classname="com.aspire.selenium.CompatiblityTest.Browser3"/>
  <testcase name="ChromeBrowser" time="7.843" classname="com.aspire.selenium.CompatiblityTest.Browser2"/>
  <testcase name="EdgeBrowser" time="12.788" classname="com.aspire.selenium.CompatiblityTest.Browser1"/>
</testsuite> <!-- Testng -->
