<?xml version="1.0" encoding="UTF-8"?>
<testng-results skipped="0" failed="0" ignored="0" total="1" passed="1">
  <reporter-output>
  </reporter-output>
  <suite name="Failed suite [Suite]" duration-ms="30864" started-at="2022-02-28T13:19:33 IST" finished-at="2022-02-28T13:20:04 IST">
    <groups>
    </groups>
    <test name="Test3(failed)" duration-ms="30864" started-at="2022-02-28T13:19:33 IST" finished-at="2022-02-28T13:20:04 IST">
      <class name="com.aspire.selenium.CompatiblityTest.Browser3">
        <test-method status="PASS" signature="FireFoxDriver()[pri:0, instance:com.aspire.selenium.CompatiblityTest.Browser3@51e2adc7]" name="FireFoxDriver" duration-ms="30802" started-at="2022-02-28T13:19:33 IST" finished-at="2022-02-28T13:20:04 IST">
          <reporter-output>
          </reporter-output>
        </test-method> <!-- FireFoxDriver -->
      </class> <!-- com.aspire.selenium.CompatiblityTest.Browser3 -->
    </test> <!-- Test3(failed) -->
  </suite> <!-- Failed suite [Suite] -->
</testng-results>
