<?xml version="1.0" encoding="UTF-8"?>
<testng-results skipped="0" failed="0" ignored="0" total="1" passed="1">
  <reporter-output>
    <line>
      <![CDATA[Initial]]>
    </line>
    <line>
      <![CDATA[Profile]]>
    </line>
    <line>
      <![CDATA[Pin]]>
    </line>
    <line>
      <![CDATA[login]]>
    </line>
    <line>
      <![CDATA[M2]]>
    </line>
    <line>
      <![CDATA[Password]]>
    </line>
  </reporter-output>
  <suite name="Default suite" duration-ms="173" started-at="2022-03-12T20:04:17 IST" finished-at="2022-03-12T20:04:18 IST">
    <groups>
    </groups>
    <test name="Default test" duration-ms="173" started-at="2022-03-12T20:04:17 IST" finished-at="2022-03-12T20:04:18 IST">
      <class name="com.aspire.selenium.Practice.TestClass">
        <test-method status="PASS" signature="Initial()[pri:0, instance:com.aspire.selenium.Practice.TestClass@5f3a4b84]" name="Initial" is-config="true" duration-ms="21" started-at="2022-03-12T20:04:17 IST" finished-at="2022-03-12T20:04:18 IST">
          <reporter-output>
            <line>
              <![CDATA[Initial]]>
            </line>
          </reporter-output>
        </test-method> <!-- Initial -->
        <test-method status="PASS" signature="Profile()[pri:0, instance:com.aspire.selenium.Practice.TestClass@5f3a4b84]" name="Profile" is-config="true" duration-ms="0" started-at="2022-03-12T20:04:18 IST" finished-at="2022-03-12T20:04:18 IST">
          <reporter-output>
            <line>
              <![CDATA[Profile]]>
            </line>
          </reporter-output>
        </test-method> <!-- Profile -->
        <test-method status="PASS" signature="Pin()[pri:0, instance:com.aspire.selenium.Practice.TestClass@5f3a4b84]" name="Pin" is-config="true" duration-ms="1" started-at="2022-03-12T20:04:18 IST" finished-at="2022-03-12T20:04:18 IST">
          <reporter-output>
            <line>
              <![CDATA[Pin]]>
            </line>
          </reporter-output>
        </test-method> <!-- Pin -->
        <test-method status="PASS" signature="login()[pri:0, instance:com.aspire.selenium.Practice.TestClass@5f3a4b84]" name="login" duration-ms="22" started-at="2022-03-12T20:04:18 IST" finished-at="2022-03-12T20:04:18 IST">
          <reporter-output>
            <line>
              <![CDATA[login]]>
            </line>
          </reporter-output>
        </test-method> <!-- login -->
        <test-method status="PASS" signature="m2()[pri:0, instance:com.aspire.selenium.Practice.TestClass@5f3a4b84]" name="m2" is-config="true" duration-ms="0" started-at="2022-03-12T20:04:18 IST" finished-at="2022-03-12T20:04:18 IST">
          <reporter-output>
            <line>
              <![CDATA[M2]]>
            </line>
          </reporter-output>
        </test-method> <!-- m2 -->
        <test-method status="PASS" signature="Password()[pri:0, instance:com.aspire.selenium.Practice.TestClass@5f3a4b84]" name="Password" is-config="true" duration-ms="1" started-at="2022-03-12T20:04:18 IST" finished-at="2022-03-12T20:04:18 IST">
          <reporter-output>
            <line>
              <![CDATA[Password]]>
            </line>
          </reporter-output>
        </test-method> <!-- Password -->
      </class> <!-- com.aspire.selenium.Practice.TestClass -->
    </test> <!-- Default test -->
  </suite> <!-- Default suite -->
</testng-results>
